[debug] [2018-03-08T02:16:58.629Z] ----------------------------------------------------------------------
[debug] [2018-03-08T02:16:58.634Z] Command:       /usr/local/bin/node /usr/local/bin/firebase deploy
[debug] [2018-03-08T02:16:58.635Z] CLI Version:   3.15.4
[debug] [2018-03-08T02:16:58.636Z] Platform:      darwin
[debug] [2018-03-08T02:16:58.636Z] Node Version:  v6.10.0
[debug] [2018-03-08T02:16:58.638Z] Time:          Wed Mar 07 2018 20:16:58 GMT-0600 (CST)
[debug] [2018-03-08T02:16:58.639Z] ----------------------------------------------------------------------
[debug] 
[debug] [2018-03-08T02:16:58.664Z] > command requires scopes: ["email","openid","https://www.googleapis.com/auth/cloudplatformprojects.readonly","https://www.googleapis.com/auth/firebase","https://www.googleapis.com/auth/cloud-platform"]
[debug] [2018-03-08T02:16:58.664Z] > authorizing via signed-in user
[debug] [2018-03-08T02:16:58.670Z] > refreshing access token with scopes: ["email","https://www.googleapis.com/auth/cloud-platform","https://www.googleapis.com/auth/cloudplatformprojects.readonly","https://www.googleapis.com/auth/firebase","openid"]
[debug] [2018-03-08T02:16:58.671Z] >>> HTTP REQUEST POST https://www.googleapis.com/oauth2/v3/token { refresh_token: '1/2wf5raZ-Lce8kWwuZ1Vv8xvvAOIcLRI58VeQGSWBU7g',
  client_id: '563584335869-fgrhgmd47bqnekij5i8b5pr03ho849e6.apps.googleusercontent.com',
  client_secret: 'j9iVZfS8kkCEFUPaAeJV0sAi',
  grant_type: 'refresh_token',
  scope: 'email https://www.googleapis.com/auth/cloud-platform https://www.googleapis.com/auth/cloudplatformprojects.readonly https://www.googleapis.com/auth/firebase openid' } 
 Wed Mar 07 2018 20:16:58 GMT-0600 (CST)
[debug] [2018-03-08T02:17:09.880Z] <<< HTTP RESPONSE 200
[debug] [2018-03-08T02:17:09.882Z] >>> HTTP REQUEST GET https://admin.firebase.com/v1/projects/commerce-91e5e  
 Wed Mar 07 2018 20:17:09 GMT-0600 (CST)
[debug] [2018-03-08T02:17:18.599Z] <<< HTTP RESPONSE 200
[debug] [2018-03-08T02:17:18.601Z] >>> HTTP REQUEST GET https://admin.firebase.com/v1/database/commerce-91e5e/tokens  
 Wed Mar 07 2018 20:17:18 GMT-0600 (CST)
[debug] [2018-03-08T02:17:50.305Z] <<< HTTP RESPONSE 200
[info] 
[info] === Deploying to 'commerce-91e5e'...
[info] 
[info] i  deploying hosting
[info] i  hosting: preparing build directory for upload...
[debug] [2018-03-08T02:18:03.085Z] >>> HTTP REQUEST PUT https://deploy.firebase.com/v1/hosting/commerce-91e5e/uploads/-L72MlSyXbrBrxWLm4ka?fileCount=16&message=  
 Wed Mar 07 2018 20:18:03 GMT-0600 (CST)
[debug] [2018-03-08T02:19:30.238Z] Error: socket hang up
    at createHangUpError (_http_client.js:254:15)
    at TLSSocket.socketOnEnd (_http_client.js:346:23)
    at emitNone (events.js:91:20)
    at TLSSocket.emit (events.js:185:7)
    at endReadableNT (_stream_readable.js:974:12)
    at _combinedTickCallback (internal/process/next_tick.js:74:11)
    at process._tickDomainCallback (internal/process/next_tick.js:122:9)
[error] 
[error] Error: Server Error. socket hang up
